0 info it worked if it ends with ok
1 verbose cli [ 'node', '/usr/local/bin/npm', 'install', '-g', 'mongodb' ]
2 info using npm@1.4.14
3 info using node@v0.10.29
4 verbose cache add [ 'mongodb', null ]
5 verbose cache add name=undefined spec="mongodb" args=["mongodb",null]
6 verbose parsed url { protocol: null,
6 verbose parsed url   slashes: null,
6 verbose parsed url   auth: null,
6 verbose parsed url   host: null,
6 verbose parsed url   port: null,
6 verbose parsed url   hostname: null,
6 verbose parsed url   hash: null,
6 verbose parsed url   search: null,
6 verbose parsed url   query: null,
6 verbose parsed url   pathname: 'mongodb',
6 verbose parsed url   path: 'mongodb',
6 verbose parsed url   href: 'mongodb' }
7 silly lockFile 7f1c982e-mongodb mongodb
8 verbose lock mongodb /Users/kareemlewis/.npm/7f1c982e-mongodb.lock
9 silly lockFile 7f1c982e-mongodb mongodb
10 silly lockFile 7f1c982e-mongodb mongodb
11 verbose addNamed [ 'mongodb', '' ]
12 verbose addNamed [ null, '*' ]
13 silly lockFile 886df635-mongodb mongodb@
14 verbose lock mongodb@ /Users/kareemlewis/.npm/886df635-mongodb.lock
15 silly addNameRange { name: 'mongodb', range: '*', hasData: false }
16 verbose url raw mongodb
17 verbose url resolving [ 'https://registry.npmjs.org/', './mongodb' ]
18 verbose url resolved https://registry.npmjs.org/mongodb
19 info trying registry request attempt 1 at 14:19:04
20 verbose etag "DBR7PNU0HD9AGJ9IZN93HN0T0"
21 http GET https://registry.npmjs.org/mongodb
22 http 304 https://registry.npmjs.org/mongodb
23 silly registry.get cb [ 304,
23 silly registry.get   { date: 'Fri, 12 Sep 2014 18:19:05 GMT',
23 silly registry.get     server: 'Apache',
23 silly registry.get     via: '1.1 varnish',
23 silly registry.get     'last-modified': 'Fri, 12 Sep 2014 18:19:05 GMT',
23 silly registry.get     'cache-control': 'max-age=60',
23 silly registry.get     etag: '"DBR7PNU0HD9AGJ9IZN93HN0T0"',
23 silly registry.get     'x-served-by': 'cache-at105-ATL',
23 silly registry.get     'x-cache': 'HIT',
23 silly registry.get     'x-cache-hits': '1',
23 silly registry.get     'x-timer': 'S1410545945.294322,VS0,VE25',
23 silly registry.get     vary: 'Accept',
23 silly registry.get     'content-length': '0',
23 silly registry.get     'keep-alive': 'timeout=10, max=50',
23 silly registry.get     connection: 'Keep-Alive' } ]
24 verbose etag mongodb from cache
25 silly addNameRange number 2 { name: 'mongodb', range: '*', hasData: true }
26 silly addNameRange versions [ 'mongodb',
26 silly addNameRange   [ '0.9.4',
26 silly addNameRange     '0.9.4-4',
26 silly addNameRange     '0.9.3',
26 silly addNameRange     '0.9.1',
26 silly addNameRange     '0.9.2',
26 silly addNameRange     '0.9.6-7',
26 silly addNameRange     '0.9.6-8',
26 silly addNameRange     '0.9.6-9',
26 silly addNameRange     '0.9.6-10',
26 silly addNameRange     '0.9.6-11',
26 silly addNameRange     '0.9.6-12',
26 silly addNameRange     '0.9.6-13',
26 silly addNameRange     '0.9.6-14',
26 silly addNameRange     '0.9.6-15',
26 silly addNameRange     '0.9.6-16',
26 silly addNameRange     '0.9.6-17',
26 silly addNameRange     '0.9.6-18',
26 silly addNameRange     '0.9.6-19',
26 silly addNameRange     '0.9.6-20',
26 silly addNameRange     '0.9.6-21',
26 silly addNameRange     '0.9.6-22',
26 silly addNameRange     '0.9.6-23',
26 silly addNameRange     '0.9.7',
26 silly addNameRange     '0.9.7-0',
26 silly addNameRange     '0.9.7-1',
26 silly addNameRange     '0.9.7-1.1',
26 silly addNameRange     '0.9.7-1.2',
26 silly addNameRange     '0.9.7-1.3',
26 silly addNameRange     '0.9.7-1.4',
26 silly addNameRange     '0.9.7-2',
26 silly addNameRange     '0.9.7-2-1',
26 silly addNameRange     '0.9.7-2-2',
26 silly addNameRange     '0.9.7-2-3',
26 silly addNameRange     '0.9.7-2-4',
26 silly addNameRange     '0.9.7-2-5',
26 silly addNameRange     '0.9.7-3',
26 silly addNameRange     '0.9.7-3-1',
26 silly addNameRange     '0.9.7-3-2',
26 silly addNameRange     '0.9.7-3-3',
26 silly addNameRange     '0.9.7-3-4',
26 silly addNameRange     '0.9.7-3-5',
26 silly addNameRange     '0.9.8',
26 silly addNameRange     '0.9.8-1',
26 silly addNameRange     '0.9.8-2',
26 silly addNameRange     '0.9.8-3',
26 silly addNameRange     '0.9.8-4',
26 silly addNameRange     '0.9.8-5',
26 silly addNameRange     '0.9.8-6',
26 silly addNameRange     '0.9.8-7',
26 silly addNameRange     '0.9.9',
26 silly addNameRange     '0.9.9-1',
26 silly addNameRange     '0.9.9-2',
26 silly addNameRange     '0.9.9-3',
26 silly addNameRange     '0.9.9-4',
26 silly addNameRange     '0.9.9-5',
26 silly addNameRange     '0.9.9-6',
26 silly addNameRange     '0.9.9-7',
26 silly addNameRange     '0.9.9-8',
26 silly addNameRange     '1.0.0',
26 silly addNameRange     '1.0.1',
26 silly addNameRange     '1.0.2',
26 silly addNameRange     '1.1.0-beta',
26 silly addNameRange     '1.1.0',
26 silly addNameRange     '1.1.1',
26 silly addNameRange     '1.1.2',
26 silly addNameRange     '1.1.3',
26 silly addNameRange     '1.1.4',
26 silly addNameRange     '1.1.5',
26 silly addNameRange     '1.1.6',
26 silly addNameRange     '1.1.7',
26 silly addNameRange     '1.1.8',
26 silly addNameRange     '1.1.9',
26 silly addNameRange     '1.1.10',
26 silly addNameRange     '1.1.11',
26 silly addNameRange     '1.2.0',
26 silly addNameRange     '1.2.1',
26 silly addNameRange     '1.2.2',
26 silly addNameRange     '1.2.3',
26 silly addNameRange     '1.2.4',
26 silly addNameRange     '1.2.5',
26 silly addNameRange     '1.2.6',
26 silly addNameRange     '1.2.7',
26 silly addNameRange     '1.2.8',
26 silly addNameRange     '1.2.9',
26 silly addNameRange     '1.2.10',
26 silly addNameRange     '1.2.11',
26 silly addNameRange     '1.2.12',
26 silly addNameRange     '1.2.13',
26 silly addNameRange     '1.2.14',
26 silly addNameRange     '1.3.0',
26 silly addNameRange     '1.3.1',
26 silly addNameRange     '1.3.2',
26 silly addNameRange     '1.3.3',
26 silly addNameRange     '1.3.4',
26 silly addNameRange     '1.3.5',
26 silly addNameRange     '1.3.6',
26 silly addNameRange     '1.3.7',
26 silly addNameRange     '1.3.8',
26 silly addNameRange     '1.3.9',
26 silly addNameRange     '1.3.10',
26 silly addNameRange     '1.3.11',
26 silly addNameRange     '1.3.12',
26 silly addNameRange     '1.3.14',
26 silly addNameRange     '1.3.15',
26 silly addNameRange     '1.3.17',
26 silly addNameRange     '1.3.18',
26 silly addNameRange     '1.3.19',
26 silly addNameRange     '1.4.0-rc2',
26 silly addNameRange     '1.3.20',
26 silly addNameRange     '1.4.0-rc3',
26 silly addNameRange     '1.3.21',
26 silly addNameRange     '1.3.22',
26 silly addNameRange     '1.3.23',
26 silly addNameRange     '1.4.0-rc4',
26 silly addNameRange     '1.4.0-rc5',
26 silly addNameRange     '1.4.0-rc6',
26 silly addNameRange     '1.4.0-rc7',
26 silly addNameRange     '1.4.0-rc8',
26 silly addNameRange     '1.4.0-rc9',
26 silly addNameRange     '1.4.0-rc10',
26 silly addNameRange     '1.4.0',
26 silly addNameRange     '1.4.1',
26 silly addNameRange     '1.4.2',
26 silly addNameRange     '1.4.3',
26 silly addNameRange     '1.4.4',
26 silly addNameRange     '1.4.5',
26 silly addNameRange     '1.4.6',
26 silly addNameRange     '1.4.7',
26 silly addNameRange     '1.4.8',
26 silly addNameRange     '1.4.9',
26 silly addNameRange     '1.4.10',
26 silly addNameRange     '2.0.0-alpha1' ] ]
27 verbose addNamed [ 'mongodb', '1.4.10' ]
28 verbose addNamed [ '1.4.10', '1.4.10' ]
29 silly lockFile 1e96509f-mongodb-1-4-10 mongodb@1.4.10
30 verbose lock mongodb@1.4.10 /Users/kareemlewis/.npm/1e96509f-mongodb-1-4-10.lock
31 silly lockFile 1e96509f-mongodb-1-4-10 mongodb@1.4.10
32 silly lockFile 1e96509f-mongodb-1-4-10 mongodb@1.4.10
33 silly lockFile 886df635-mongodb mongodb@
34 silly lockFile 886df635-mongodb mongodb@
35 silly resolved [ { name: 'mongodb',
35 silly resolved     description: 'A node.js driver for MongoDB',
35 silly resolved     keywords: [ 'mongodb', 'mongo', 'driver', 'db' ],
35 silly resolved     version: '1.4.10',
35 silly resolved     author: { name: 'Christian Amor Kvalheim', email: 'christkv@gmail.com' },
35 silly resolved     contributors:
35 silly resolved      [ [Object],
35 silly resolved        [Object],
35 silly resolved        [Object],
35 silly resolved        [Object],
35 silly resolved        [Object],
35 silly resolved        [Object],
35 silly resolved        [Object],
35 silly resolved        [Object],
35 silly resolved        [Object],
35 silly resolved        [Object],
35 silly resolved        [Object],
35 silly resolved        [Object],
35 silly resolved        [Object],
35 silly resolved        [Object],
35 silly resolved        [Object],
35 silly resolved        [Object],
35 silly resolved        [Object],
35 silly resolved        [Object],
35 silly resolved        [Object],
35 silly resolved        [Object],
35 silly resolved        [Object],
35 silly resolved        [Object],
35 silly resolved        [Object],
35 silly resolved        [Object],
35 silly resolved        [Object],
35 silly resolved        [Object],
35 silly resolved        [Object],
35 silly resolved        [Object],
35 silly resolved        [Object],
35 silly resolved        [Object],
35 silly resolved        [Object],
35 silly resolved        [Object],
35 silly resolved        [Object],
35 silly resolved        [Object],
35 silly resolved        [Object],
35 silly resolved        [Object],
35 silly resolved        [Object],
35 silly resolved        [Object],
35 silly resolved        [Object],
35 silly resolved        [Object],
35 silly resolved        [Object],
35 silly resolved        [Object],
35 silly resolved        [Object],
35 silly resolved        [Object],
35 silly resolved        [Object],
35 silly resolved        [Object],
35 silly resolved        [Object],
35 silly resolved        [Object],
35 silly resolved        [Object],
35 silly resolved        [Object],
35 silly resolved        [Object],
35 silly resolved        [Object],
35 silly resolved        [Object],
35 silly resolved        [Object] ],
35 silly resolved     repository:
35 silly resolved      { type: 'git',
35 silly resolved        url: 'http://github.com/mongodb/node-mongodb-native.git' },
35 silly resolved     bugs: { url: 'http://github.com/mongodb/node-mongodb-native/issues' },
35 silly resolved     dependencies: { bson: '~0.2', kerberos: '0.0.4', 'readable-stream': 'latest' },
35 silly resolved     devDependencies:
35 silly resolved      { dox: '0.4.4',
35 silly resolved        'uglify-js': '1.2.5',
35 silly resolved        ejs: '0.6.1',
35 silly resolved        request: '2.12.0',
35 silly resolved        nodeunit: '0.7.3',
35 silly resolved        markdown: '0.3.1',
35 silly resolved        gleak: '0.2.3',
35 silly resolved        step: '0.0.5',
35 silly resolved        async: '0.1.22',
35 silly resolved        integra: '0.0.3',
35 silly resolved        optimist: 'latest' },
35 silly resolved     optionalDependencies: { kerberos: '0.0.4', 'readable-stream': 'latest' },
35 silly resolved     config: { native: false },
35 silly resolved     main: './lib/mongodb/index',
35 silly resolved     homepage: 'http://mongodb.github.com/node-mongodb-native/',
35 silly resolved     directories: { lib: './lib/mongodb' },
35 silly resolved     engines: { node: '>=0.6.19' },
35 silly resolved     scripts: { test: 'make test_functional' },
35 silly resolved     licenses: [ [Object] ],
35 silly resolved     _id: 'mongodb@1.4.10',
35 silly resolved     _shasum: 'eb012396c841d47dc62ad36272eea550e5b6979b',
35 silly resolved     _from: 'mongodb@',
35 silly resolved     _npmVersion: '1.4.9',
35 silly resolved     _npmUser: { name: 'christkv', email: 'christkv@gmail.com' },
35 silly resolved     maintainers: [ [Object] ],
35 silly resolved     dist:
35 silly resolved      { shasum: 'eb012396c841d47dc62ad36272eea550e5b6979b',
35 silly resolved        tarball: 'http://registry.npmjs.org/mongodb/-/mongodb-1.4.10.tgz' },
35 silly resolved     _resolved: 'https://registry.npmjs.org/mongodb/-/mongodb-1.4.10.tgz',
35 silly resolved     readme: 'ERROR: No README data found!' } ]
36 info install mongodb@1.4.10 into /usr/local/lib
37 info installOne mongodb@1.4.10
38 info /usr/local/lib/node_modules/mongodb unbuild
39 verbose tar unpack /Users/kareemlewis/.npm/mongodb/1.4.10/package.tgz
40 silly lockFile 6ea96255-r-local-lib-node-modules-mongodb tar:///usr/local/lib/node_modules/mongodb
41 verbose lock tar:///usr/local/lib/node_modules/mongodb /Users/kareemlewis/.npm/6ea96255-r-local-lib-node-modules-mongodb.lock
42 silly lockFile 3fe38869-s-npm-mongodb-1-4-10-package-tgz tar:///Users/kareemlewis/.npm/mongodb/1.4.10/package.tgz
43 verbose lock tar:///Users/kareemlewis/.npm/mongodb/1.4.10/package.tgz /Users/kareemlewis/.npm/3fe38869-s-npm-mongodb-1-4-10-package-tgz.lock
44 silly gunzTarPerm modes [ '755', '644' ]
45 error Error: EACCES, mkdir '/usr/local/lib/node_modules/mongodb'
45 error  { [Error: EACCES, mkdir '/usr/local/lib/node_modules/mongodb']
45 error   errno: 3,
45 error   code: 'EACCES',
45 error   path: '/usr/local/lib/node_modules/mongodb',
45 error   fstream_type: 'Directory',
45 error   fstream_path: '/usr/local/lib/node_modules/mongodb',
45 error   fstream_class: 'DirWriter',
45 error   fstream_stack:
45 error    [ '/usr/local/lib/node_modules/npm/node_modules/fstream/lib/dir-writer.js:36:23',
45 error      '/usr/local/lib/node_modules/npm/node_modules/mkdirp/index.js:37:53',
45 error      'Object.oncomplete (fs.js:107:15)' ] }
46 error Please try running this command again as root/Administrator.
47 error System Darwin 13.3.0
48 error command "node" "/usr/local/bin/npm" "install" "-g" "mongodb"
49 error cwd /Users/kareemlewis/Documents/GitHub/Bantter-server
50 error node -v v0.10.29
51 error npm -v 1.4.14
52 error path /usr/local/lib/node_modules/mongodb
53 error fstream_path /usr/local/lib/node_modules/mongodb
54 error fstream_type Directory
55 error fstream_class DirWriter
56 error code EACCES
57 error errno 3
58 error stack Error: EACCES, mkdir '/usr/local/lib/node_modules/mongodb'
59 error fstream_stack /usr/local/lib/node_modules/npm/node_modules/fstream/lib/dir-writer.js:36:23
59 error fstream_stack /usr/local/lib/node_modules/npm/node_modules/mkdirp/index.js:37:53
59 error fstream_stack Object.oncomplete (fs.js:107:15)
60 verbose exit [ 3, true ]
